<?xml version="1.0" encoding="UTF-8"?>
<!-- Generated by org.testng.reporters.JUnitXMLReporter -->
<testsuite ignored="3" hostname="Lenovo" failures="0" tests="1" name="Default test" time="0.151" errors="0" timestamp="12 Dec 2022 17:21:37 GMT">
  <testcase classname="testNG.IgnoreTest" name="kids" time="0.049"/>
  <testcase classname="testNG.IgnoreTest" name="womens" time="0.0">
    <ignored/>
  </testcase> <!-- womens -->
  <testcase classname="testNG.IgnoreTest" name="mens" time="0.0">
    <ignored/>
  </testcase> <!-- mens -->
  <testcase classname="testNG.IgnoreTest" name="born_babies" time="0.0">
    <ignored/>
  </testcase> <!-- born_babies -->
</testsuite> <!-- Default test -->
