<?xml version="1.0" encoding="UTF-8"?>
<testng-results ignored="3" total="4" passed="1" failed="0" skipped="0">
  <reporter-output>
  </reporter-output>
  <suite started-at="2022-12-12T17:21:36Z" name="Default suite" finished-at="2022-12-12T17:21:36Z" duration-ms="151">
    <groups>
    </groups>
    <test started-at="2022-12-12T17:21:36Z" name="Default test" finished-at="2022-12-12T17:21:36Z" duration-ms="151">
      <class name="testNG.IgnoreTest">
      
        <test-method signature="kids()[pri:0, instance:testNG.IgnoreTest@41005828]" started-at="2022-12-12T17:21:36Z" name="kids" finished-at="2022-12-12T17:21:36Z" duration-ms="49" status="PASS"> 
          <reporter-output>
          </reporter-output>
        </test-method> <!-- kids -->
      </class> <!-- testNG.IgnoreTest -->
    </test> <!-- Default test -->
  </suite> <!-- Default suite -->
</testng-results>
